[2m2026-02-28T15:38:42.779356Z[0m [32m INFO[0m [2mtokio_cron_scheduler::job_scheduler[0m[2m:[0m Uninited
[2m2026-02-28T15:38:42.779462Z[0m [32m INFO[0m [2mtokio_cron_scheduler::job_scheduler[0m[2m:[0m Job creator created
[2m2026-02-28T15:38:42.779716Z[0m [32m INFO[0m [2mtokio_cron_scheduler::job_scheduler[0m[2m:[0m Job creator created
[2m2026-02-28T15:38:42.779908Z[0m [32m INFO[0m [2mtokio_cron_scheduler::job_scheduler[0m[2m:[0m Job creator created
[2m2026-02-28T15:38:42.780046Z[0m [32m INFO[0m [2mtokio_cron_scheduler::job_scheduler[0m[2m:[0m Job creator created
[2m2026-02-28T15:38:42.780204Z[0m [32m INFO[0m [2mtokio_cron_scheduler::job_scheduler[0m[2m:[0m Job creator created
[2m2026-02-28T15:38:43.141961Z[0m [32m INFO[0m [2mswitchboard::scheduler[0m[2m:[0m Heartbeat task started
[2m2026-02-28T15:40:00.430248Z[0m [32m INFO[0m [2mswitchboard::scheduler[0m[2m:[0m Agent 'sb-dev-2' triggered by cron schedule
[2m2026-02-28T15:40:00.430704Z[0m [33m WARN[0m [2mswitchboard::scheduler[0m[2m:[0m Metrics file not found (first run or missing file): Metrics file not found: .switchboard/logs\metrics.json
[2m2026-02-28T15:40:00.430711Z[0m [32m INFO[0m [2mswitchboard::scheduler[0m[2m:[0m Starting agent: sb-dev-2
[2m2026-02-28T15:41:22.320692Z[0m [31mERROR[0m [2mswitchboard::docker::run::run[0m[2m:[0m Failed to load metrics: FileNotFound(".switchboard/logs\\metrics.json")
[2m2026-02-28T15:41:22.320715Z[0m [31mERROR[0m [2mswitchboard::scheduler[0m[2m:[0m Failed to run agent: Metrics storage error: Metrics file not found: .switchboard/logs\metrics.json
[2m2026-02-28T15:41:22.320772Z[0m [31mERROR[0m [2mswitchboard::scheduler[0m[2m:[0m Error executing agent 'sb-dev-2': Container execution failed for agent sb-dev-2: Metrics storage error: Metrics file not found: .switchboard/logs\metrics.json
[2m2026-02-28T15:45:38.959277Z[0m [32m INFO[0m [2mtokio_cron_scheduler::job_scheduler[0m[2m:[0m Uninited
[2m2026-02-28T15:45:38.959626Z[0m [32m INFO[0m [2mtokio_cron_scheduler::job_scheduler[0m[2m:[0m Job creator created
[2m2026-02-28T15:45:38.959916Z[0m [32m INFO[0m [2mtokio_cron_scheduler::job_scheduler[0m[2m:[0m Job creator created
[2m2026-02-28T15:45:38.960084Z[0m [32m INFO[0m [2mtokio_cron_scheduler::job_scheduler[0m[2m:[0m Job creator created
[2m2026-02-28T15:45:38.960472Z[0m [32m INFO[0m [2mtokio_cron_scheduler::job_scheduler[0m[2m:[0m Job creator created
[2m2026-02-28T15:45:38.960674Z[0m [32m INFO[0m [2mtokio_cron_scheduler::job_scheduler[0m[2m:[0m Job creator created
[2m2026-02-28T15:45:39.500746Z[0m [32m INFO[0m [2mswitchboard::scheduler[0m[2m:[0m Heartbeat task started
[2m2026-02-28T16:00:00.417022Z[0m [32m INFO[0m [2mswitchboard::scheduler[0m[2m:[0m Agent 'cli-dev-1' triggered by cron schedule
[2m2026-02-28T16:00:00.417022Z[0m [32m INFO[0m [2mswitchboard::scheduler[0m[2m:[0m Agent 'cli-scrum-master' triggered by cron schedule
[2m2026-02-28T16:00:00.426525Z[0m [33m WARN[0m [2mswitchboard::scheduler[0m[2m:[0m Metrics file not found (first run or missing file): Metrics file not found: .switchboard/logs\metrics.json
[2m2026-02-28T16:00:00.426525Z[0m [33m WARN[0m [2mswitchboard::scheduler[0m[2m:[0m Metrics file not found (first run or missing file): Metrics file not found: .switchboard/logs\metrics.json
[2m2026-02-28T16:00:00.426553Z[0m [32m INFO[0m [2mswitchboard::scheduler[0m[2m:[0m Starting agent: cli-scrum-master
[2m2026-02-28T16:00:00.426566Z[0m [32m INFO[0m [2mswitchboard::scheduler[0m[2m:[0m Starting agent: cli-dev-1
[2m2026-02-28T16:02:02.561961Z[0m [31mERROR[0m [2mswitchboard::docker::run::run[0m[2m:[0m Failed to load metrics: FileNotFound(".switchboard/logs\\metrics.json")
[2m2026-02-28T16:02:02.561991Z[0m [31mERROR[0m [2mswitchboard::scheduler[0m[2m:[0m Failed to run agent: Metrics storage error: Metrics file not found: .switchboard/logs\metrics.json
[2m2026-02-28T16:02:02.562005Z[0m [31mERROR[0m [2mswitchboard::scheduler[0m[2m:[0m Error executing agent 'cli-dev-1': Container execution failed for agent cli-dev-1: Metrics storage error: Metrics file not found: .switchboard/logs\metrics.json
[2m2026-02-28T16:03:32.972997Z[0m [31mERROR[0m [2mswitchboard::docker::run::run[0m[2m:[0m Failed to load metrics: FileNotFound(".switchboard/logs\\metrics.json")
[2m2026-02-28T16:03:32.973025Z[0m [31mERROR[0m [2mswitchboard::scheduler[0m[2m:[0m Failed to run agent: Metrics storage error: Metrics file not found: .switchboard/logs\metrics.json
[2m2026-02-28T16:03:32.973044Z[0m [31mERROR[0m [2mswitchboard::scheduler[0m[2m:[0m Error executing agent 'cli-scrum-master': Container execution failed for agent cli-scrum-master: Metrics storage error: Metrics file not found: .switchboard/logs\metrics.json
[2m2026-02-28T16:09:59.875786Z[0m [32m INFO[0m [2mtokio_cron_scheduler::job_scheduler[0m[2m:[0m Uninited
[2m2026-02-28T16:09:59.875899Z[0m [32m INFO[0m [2mtokio_cron_scheduler::job_scheduler[0m[2m:[0m Job creator created
[2m2026-02-28T16:09:59.876310Z[0m [32m INFO[0m [2mtokio_cron_scheduler::job_scheduler[0m[2m:[0m Job creator created
[2m2026-02-28T16:09:59.876751Z[0m [32m INFO[0m [2mtokio_cron_scheduler::job_scheduler[0m[2m:[0m Job creator created
[2m2026-02-28T16:09:59.877065Z[0m [32m INFO[0m [2mtokio_cron_scheduler::job_scheduler[0m[2m:[0m Job creator created
[2m2026-02-28T16:09:59.877293Z[0m [32m INFO[0m [2mtokio_cron_scheduler::job_scheduler[0m[2m:[0m Job creator created
[2m2026-02-28T16:10:00.708006Z[0m [32m INFO[0m [2mswitchboard::scheduler[0m[2m:[0m Heartbeat task started
[2m2026-02-28T16:11:01.878449Z[0m [32m INFO[0m [2mtokio_cron_scheduler::job_scheduler[0m[2m:[0m Uninited
[2m2026-02-28T16:11:01.878522Z[0m [32m INFO[0m [2mtokio_cron_scheduler::job_scheduler[0m[2m:[0m Job creator created
[2m2026-02-28T16:11:01.878790Z[0m [32m INFO[0m [2mtokio_cron_scheduler::job_scheduler[0m[2m:[0m Job creator created
[2m2026-02-28T16:11:01.879075Z[0m [32m INFO[0m [2mtokio_cron_scheduler::job_scheduler[0m[2m:[0m Job creator created
[2m2026-02-28T16:11:01.879517Z[0m [32m INFO[0m [2mtokio_cron_scheduler::job_scheduler[0m[2m:[0m Job creator created
[2m2026-02-28T16:11:01.879974Z[0m [32m INFO[0m [2mtokio_cron_scheduler::job_scheduler[0m[2m:[0m Job creator created
[2m2026-02-28T16:11:02.618744Z[0m [32m INFO[0m [2mswitchboard::scheduler[0m[2m:[0m Heartbeat task started
[2m2026-02-28T16:15:00.357280Z[0m [32m INFO[0m [2mswitchboard::scheduler[0m[2m:[0m Agent 'cli-dev-2' triggered by cron schedule
[2m2026-02-28T16:15:00.358095Z[0m [33m WARN[0m [2mswitchboard::scheduler[0m[2m:[0m Metrics file not found (first run or missing file): Metrics file not found: .switchboard/logs\metrics.json
[2m2026-02-28T16:15:00.358109Z[0m [32m INFO[0m [2mswitchboard::scheduler[0m[2m:[0m Starting agent: cli-dev-2
[2m2026-02-28T16:16:27.377243Z[0m [31mERROR[0m [2mswitchboard::docker::run::run[0m[2m:[0m Failed to load metrics: FileNotFound(".switchboard/logs\\metrics.json")
[2m2026-02-28T16:16:27.377278Z[0m [31mERROR[0m [2mswitchboard::scheduler[0m[2m:[0m Failed to run agent: Metrics storage error: Metrics file not found: .switchboard/logs\metrics.json
[2m2026-02-28T16:16:27.377347Z[0m [31mERROR[0m [2mswitchboard::scheduler[0m[2m:[0m Error executing agent 'cli-dev-2': Container execution failed for agent cli-dev-2: Metrics storage error: Metrics file not found: .switchboard/logs\metrics.json
[2m2026-02-28T16:20:00.168357Z[0m [32m INFO[0m [2mswitchboard::scheduler[0m[2m:[0m Agent 'cli-code-reviewer' triggered by cron schedule
[2m2026-02-28T16:20:00.168759Z[0m [33m WARN[0m [2mswitchboard::scheduler[0m[2m:[0m Metrics file not found (first run or missing file): Metrics file not found: .switchboard/logs\metrics.json
[2m2026-02-28T16:20:00.168769Z[0m [32m INFO[0m [2mswitchboard::scheduler[0m[2m:[0m Starting agent: cli-code-reviewer
[2m2026-02-28T16:21:42.296201Z[0m [31mERROR[0m [2mswitchboard::docker::run::run[0m[2m:[0m Failed to load metrics: FileNotFound(".switchboard/logs\\metrics.json")
[2m2026-02-28T16:21:42.296228Z[0m [31mERROR[0m [2mswitchboard::scheduler[0m[2m:[0m Failed to run agent: Metrics storage error: Metrics file not found: .switchboard/logs\metrics.json
[2m2026-02-28T16:21:42.296241Z[0m [31mERROR[0m [2mswitchboard::scheduler[0m[2m:[0m Error executing agent 'cli-code-reviewer': Container execution failed for agent cli-code-reviewer: Metrics storage error: Metrics file not found: .switchboard/logs\metrics.json
[2m2026-02-28T16:30:00.200818Z[0m [32m INFO[0m [2mswitchboard::scheduler[0m[2m:[0m Agent 'cli-dev-1' triggered by cron schedule
[2m2026-02-28T16:30:00.201295Z[0m [33m WARN[0m [2mswitchboard::scheduler[0m[2m:[0m Metrics file not found (first run or missing file): Metrics file not found: .switchboard/logs\metrics.json
[2m2026-02-28T16:30:00.201301Z[0m [32m INFO[0m [2mswitchboard::scheduler[0m[2m:[0m Starting agent: cli-dev-1
[2m2026-02-28T16:33:32.524538Z[0m [31mERROR[0m [2mswitchboard::docker::run::run[0m[2m:[0m Failed to load metrics: FileNotFound(".switchboard/logs\\metrics.json")
[2m2026-02-28T16:33:32.524560Z[0m [31mERROR[0m [2mswitchboard::scheduler[0m[2m:[0m Failed to run agent: Metrics storage error: Metrics file not found: .switchboard/logs\metrics.json
[2m2026-02-28T16:33:32.524612Z[0m [31mERROR[0m [2mswitchboard::scheduler[0m[2m:[0m Error executing agent 'cli-dev-1': Container execution failed for agent cli-dev-1: Metrics storage error: Metrics file not found: .switchboard/logs\metrics.json
[2m2026-02-28T16:35:00.289687Z[0m [32m INFO[0m [2mswitchboard::scheduler[0m[2m:[0m Agent 'cli-sprint-planner' triggered by cron schedule
[2m2026-02-28T16:35:00.290098Z[0m [33m WARN[0m [2mswitchboard::scheduler[0m[2m:[0m Metrics file not found (first run or missing file): Metrics file not found: .switchboard/logs\metrics.json
[2m2026-02-28T16:35:00.290106Z[0m [32m INFO[0m [2mswitchboard::scheduler[0m[2m:[0m Starting agent: cli-sprint-planner
[2m2026-02-28T16:35:00.314248Z[0m [31mERROR[0m [2mswitchboard::scheduler[0m[2m:[0m Failed to run agent: Failed to create container 'switchboard-agent-cli-sprint-planner': Docker connection error: Docker responded with status code 409: Conflict. The container name "/switchboard-agent-cli-sprint-planner" is already in use by container "b0c7ae7cbae4f1907f5f5ef1ad1ef25b611242ba66028463a88980500e53d45b". You have to remove (or rename) that container to be able to reuse that name.

Check container name is valid and no naming conflicts exist

Possible causes:
- Container name already exists
- Invalid container name format
- Volume mount path does not exist
- Insufficient Docker resources
[2m2026-02-28T16:35:00.314493Z[0m [31mERROR[0m [2mswitchboard::scheduler[0m[2m:[0m Error executing agent 'cli-sprint-planner': Container execution failed for agent cli-sprint-planner: Failed to create container 'switchboard-agent-cli-sprint-planner': Docker connection error: Docker responded with status code 409: Conflict. The container name "/switchboard-agent-cli-sprint-planner" is already in use by container "b0c7ae7cbae4f1907f5f5ef1ad1ef25b611242ba66028463a88980500e53d45b". You have to remove (or rename) that container to be able to reuse that name.

Check container name is valid and no naming conflicts exist

Possible causes:
- Container name already exists
- Invalid container name format
- Volume mount path does not exist
- Insufficient Docker resources
[2m2026-02-28T16:45:00.365450Z[0m [32m INFO[0m [2mswitchboard::scheduler[0m[2m:[0m Agent 'cli-dev-2' triggered by cron schedule
[2m2026-02-28T16:45:00.365927Z[0m [33m WARN[0m [2mswitchboard::scheduler[0m[2m:[0m Metrics file not found (first run or missing file): Metrics file not found: .switchboard/logs\metrics.json
[2m2026-02-28T16:45:00.365955Z[0m [32m INFO[0m [2mswitchboard::scheduler[0m[2m:[0m Starting agent: cli-dev-2
[2m2026-02-28T16:49:32.795234Z[0m [31mERROR[0m [2mswitchboard::docker::run::run[0m[2m:[0m Failed to load metrics: FileNotFound(".switchboard/logs\\metrics.json")
[2m2026-02-28T16:49:32.795285Z[0m [31mERROR[0m [2mswitchboard::scheduler[0m[2m:[0m Failed to run agent: Metrics storage error: Metrics file not found: .switchboard/logs\metrics.json
[2m2026-02-28T16:49:32.795307Z[0m [31mERROR[0m [2mswitchboard::scheduler[0m[2m:[0m Error executing agent 'cli-dev-2': Container execution failed for agent cli-dev-2: Metrics storage error: Metrics file not found: .switchboard/logs\metrics.json
[2m2026-02-28T16:50:00.333934Z[0m [32m INFO[0m [2mswitchboard::scheduler[0m[2m:[0m Agent 'cli-code-reviewer' triggered by cron schedule
[2m2026-02-28T16:50:00.334297Z[0m [33m WARN[0m [2mswitchboard::scheduler[0m[2m:[0m Metrics file not found (first run or missing file): Metrics file not found: .switchboard/logs\metrics.json
[2m2026-02-28T16:50:00.334306Z[0m [32m INFO[0m [2mswitchboard::scheduler[0m[2m:[0m Starting agent: cli-code-reviewer
[2m2026-02-28T16:51:27.213342Z[0m [31mERROR[0m [2mswitchboard::docker::run::run[0m[2m:[0m Failed to load metrics: FileNotFound(".switchboard/logs\\metrics.json")
[2m2026-02-28T16:51:27.213361Z[0m [31mERROR[0m [2mswitchboard::scheduler[0m[2m:[0m Failed to run agent: Metrics storage error: Metrics file not found: .switchboard/logs\metrics.json
[2m2026-02-28T16:51:27.213371Z[0m [31mERROR[0m [2mswitchboard::scheduler[0m[2m:[0m Error executing agent 'cli-code-reviewer': Container execution failed for agent cli-code-reviewer: Metrics storage error: Metrics file not found: .switchboard/logs\metrics.json
[2m2026-02-28T17:00:00.222256Z[0m [32m INFO[0m [2mswitchboard::scheduler[0m[2m:[0m Agent 'cli-scrum-master' triggered by cron schedule
[2m2026-02-28T17:00:00.222333Z[0m [32m INFO[0m [2mswitchboard::scheduler[0m[2m:[0m Agent 'cli-dev-1' triggered by cron schedule
[2m2026-02-28T17:00:00.223017Z[0m [33m WARN[0m [2mswitchboard::scheduler[0m[2m:[0m Metrics file not found (first run or missing file): Metrics file not found: .switchboard/logs\metrics.json
[2m2026-02-28T17:00:00.223027Z[0m [32m INFO[0m [2mswitchboard::scheduler[0m[2m:[0m Starting agent: cli-dev-1
[2m2026-02-28T17:00:00.223056Z[0m [33m WARN[0m [2mswitchboard::scheduler[0m[2m:[0m Metrics file not found (first run or missing file): Metrics file not found: .switchboard/logs\metrics.json
[2m2026-02-28T17:00:00.223062Z[0m [32m INFO[0m [2mswitchboard::scheduler[0m[2m:[0m Starting agent: cli-scrum-master
[2m2026-02-28T17:00:00.252553Z[0m [31mERROR[0m [2mswitchboard::scheduler[0m[2m:[0m Failed to run agent: Failed to create container 'switchboard-agent-cli-dev-1': Docker connection error: Docker responded with status code 409: Conflict. The container name "/switchboard-agent-cli-dev-1" is already in use by container "c63facbd74b105037a99a8ae6aa01c2f9e84fb08bc21dea5b1699d6f25c5b0bb". You have to remove (or rename) that container to be able to reuse that name.

Check container name is valid and no naming conflicts exist

Possible causes:
- Container name already exists
- Invalid container name format
- Volume mount path does not exist
- Insufficient Docker resources
[2m2026-02-28T17:00:00.252767Z[0m [31mERROR[0m [2mswitchboard::scheduler[0m[2m:[0m Error executing agent 'cli-dev-1': Container execution failed for agent cli-dev-1: Failed to create container 'switchboard-agent-cli-dev-1': Docker connection error: Docker responded with status code 409: Conflict. The container name "/switchboard-agent-cli-dev-1" is already in use by container "c63facbd74b105037a99a8ae6aa01c2f9e84fb08bc21dea5b1699d6f25c5b0bb". You have to remove (or rename) that container to be able to reuse that name.

Check container name is valid and no naming conflicts exist

Possible causes:
- Container name already exists
- Invalid container name format
- Volume mount path does not exist
- Insufficient Docker resources
